<?xml version="1.0" encoding="UTF-8"?>
<coverage generated="1781202279698" clover="3.2.0">
  <project timestamp="1781202279698" name="All files">
    <metrics statements="16" coveredstatements="16" conditionals="0" coveredconditionals="0" methods="10" coveredmethods="10" elements="26" coveredelements="26" complexity="0" loc="16" ncloc="16" packages="2" files="3" classes="3"/>
    <package name="src">
      <metrics statements="1" coveredstatements="1" conditionals="0" coveredconditionals="0" methods="1" coveredmethods="1"/>
      <file name="App.jsx" path="C:/Users/djmat/Desktop/My coding journey/scrimba_full_stack/REACT/React_Fundamentals/meme-generator/src/App.jsx">
        <metrics statements="1" coveredstatements="1" conditionals="0" coveredconditionals="0" methods="1" coveredmethods="1"/>
        <line num="6" count="3" type="stmt"/>
      </file>
    </package>
    <package name="src.components">
      <metrics statements="15" coveredstatements="15" conditionals="0" coveredconditionals="0" methods="9" coveredmethods="9"/>
      <file name="Header.jsx" path="C:/Users/djmat/Desktop/My coding journey/scrimba_full_stack/REACT/React_Fundamentals/meme-generator/src/components/Header.jsx">
        <metrics statements="1" coveredstatements="1" conditionals="0" coveredconditionals="0" methods="1" coveredmethods="1"/>
        <line num="4" count="3" type="stmt"/>
      </file>
      <file name="Main.jsx" path="C:/Users/djmat/Desktop/My coding journey/scrimba_full_stack/REACT/React_Fundamentals/meme-generator/src/components/Main.jsx">
        <metrics statements="14" coveredstatements="14" conditionals="0" coveredconditionals="0" methods="8" coveredmethods="8"/>
        <line num="5" count="53" type="stmt"/>
        <line num="12" count="53" type="stmt"/>
        <line num="15" count="53" type="stmt"/>
        <line num="16" count="5" type="stmt"/>
        <line num="17" count="5" type="stmt"/>
        <line num="18" count="5" type="stmt"/>
        <line num="23" count="44" type="stmt"/>
        <line num="24" count="44" type="stmt"/>
        <line num="34" count="1" type="stmt"/>
        <line num="35" count="1" type="stmt"/>
        <line num="36" count="1" type="stmt"/>
        <line num="38" count="1" type="stmt"/>
        <line num="40" count="1" type="stmt"/>
        <line num="48" count="53" type="stmt"/>
      </file>
    </package>
  </project>
</coverage>
