{"C:/Users/djmat/Desktop/My coding journey/scrimba_full_stack/REACT/React_Fundamentals/meme-generator/src/App.jsx": {"path":"C:/Users/djmat/Desktop/My coding journey/scrimba_full_stack/REACT/React_Fundamentals/meme-generator/src/App.jsx","statementMap":{"0":{"start":{"line":6,"column":4},"end":{"line":10,"column":null}}},"fnMap":{"0":{"name":"App","decl":{"start":{"line":4,"column":24},"end":{"line":4,"column":30}},"loc":{"start":{"line":4,"column":30},"end":{"line":10,"column":null}}}},"branchMap":{},"s":{"0":3},"f":{"0":3},"b":{}}
,"C:/Users/djmat/Desktop/My coding journey/scrimba_full_stack/REACT/React_Fundamentals/meme-generator/src/components/Header.jsx": {"path":"C:/Users/djmat/Desktop/My coding journey/scrimba_full_stack/REACT/React_Fundamentals/meme-generator/src/components/Header.jsx","statementMap":{"0":{"start":{"line":4,"column":4},"end":{"line":10,"column":null}}},"fnMap":{"0":{"name":"Header","decl":{"start":{"line":3,"column":24},"end":{"line":3,"column":33}},"loc":{"start":{"line":3,"column":33},"end":{"line":10,"column":null}}}},"branchMap":{},"s":{"0":3},"f":{"0":3},"b":{}}
,"C:/Users/djmat/Desktop/My coding journey/scrimba_full_stack/REACT/React_Fundamentals/meme-generator/src/components/Main.jsx": {"path":"C:/Users/djmat/Desktop/My coding journey/scrimba_full_stack/REACT/React_Fundamentals/meme-generator/src/components/Main.jsx","statementMap":{"0":{"start":{"line":5,"column":28},"end":{"line":9,"column":6}},"1":{"start":{"line":12,"column":36},"end":{"line":12,"column":48}},"2":{"start":{"line":15,"column":4},"end":{"line":19,"column":null}},"3":{"start":{"line":16,"column":8},"end":{"line":18,"column":null}},"4":{"start":{"line":17,"column":25},"end":{"line":17,"column":35}},"5":{"start":{"line":18,"column":26},"end":{"line":18,"column":54}},"6":{"start":{"line":23,"column":30},"end":{"line":23,"column":null}},"7":{"start":{"line":24,"column":8},"end":{"line":27,"column":null}},"8":{"start":{"line":24,"column":29},"end":{"line":27,"column":11}},"9":{"start":{"line":34,"column":29},"end":{"line":34,"column":72}},"10":{"start":{"line":35,"column":8},"end":{"line":35,"column":null}},"11":{"start":{"line":36,"column":27},"end":{"line":36,"column":null}},"12":{"start":{"line":38,"column":8},"end":{"line":38,"column":null}},"13":{"start":{"line":40,"column":8},"end":{"line":43,"column":null}},"14":{"start":{"line":40,"column":29},"end":{"line":43,"column":11}},"15":{"start":{"line":48,"column":4},"end":{"line":77,"column":null}}},"fnMap":{"0":{"name":"Main","decl":{"start":{"line":3,"column":24},"end":{"line":3,"column":31}},"loc":{"start":{"line":3,"column":31},"end":{"line":77,"column":null}}},"1":{"name":"(anonymous_1)","decl":{"start":{"line":15,"column":4},"end":{"line":15,"column":20}},"loc":{"start":{"line":15,"column":20},"end":{"line":19,"column":9}}},"2":{"name":"(anonymous_2)","decl":{"start":{"line":17,"column":13},"end":{"line":17,"column":18}},"loc":{"start":{"line":17,"column":25},"end":{"line":17,"column":35}}},"3":{"name":"(anonymous_3)","decl":{"start":{"line":18,"column":13},"end":{"line":18,"column":18}},"loc":{"start":{"line":18,"column":26},"end":{"line":18,"column":54}}},"4":{"name":"handleChange","decl":{"start":{"line":22,"column":13},"end":{"line":22,"column":26}},"loc":{"start":{"line":22,"column":33},"end":{"line":27,"column":null}}},"5":{"name":"(anonymous_5)","decl":{"start":{"line":24,"column":8},"end":{"line":24,"column":16}},"loc":{"start":{"line":24,"column":29},"end":{"line":27,"column":11}}},"6":{"name":"getRandomMeme","decl":{"start":{"line":33,"column":13},"end":{"line":33,"column":29}},"loc":{"start":{"line":33,"column":29},"end":{"line":43,"column":null}}},"7":{"name":"(anonymous_7)","decl":{"start":{"line":40,"column":8},"end":{"line":40,"column":16}},"loc":{"start":{"line":40,"column":29},"end":{"line":43,"column":11}}}},"branchMap":{},"s":{"0":53,"1":53,"2":53,"3":5,"4":5,"5":5,"6":44,"7":44,"8":44,"9":1,"10":1,"11":1,"12":1,"13":1,"14":1,"15":53},"f":{"0":53,"1":5,"2":5,"3":5,"4":44,"5":44,"6":1,"7":1},"b":{}}
}
